[JavaFX Application Thread] ERROR bg.tu_varna.sit.example.application.HelloApplication  - Sorry, the main fxm could not be loaded.
[JavaFX Application Thread] ERROR bg.tu_varna.sit.example.application.HelloApplication  - Sorry, the main fxm could not be loaded.
[JavaFX Application Thread] ERROR bg.tu_varna.sit.example.application.HelloApplication  - Sorry, the main fxm could not be loaded.
[JavaFX Application Thread] ERROR bg.tu_varna.sit.example.data.access.Connection  - Initial SessionFactory created failedjava.lang.NoClassDefFoundError: java/sql/SQLException
[JavaFX Application Thread] ERROR bg.tu_varna.sit.example.data.access.Connection  - Initial SessionFactory created failedorg.hibernate.internal.util.config.ConfigurationException: Could not locate cfg.xml resource [hibernate.cfg.xml]
[JavaFX Application Thread] ERROR bg.tu_varna.sit.example.data.access.Connection  - Initial SessionFactory created failedorg.hibernate.internal.util.config.ConfigurationException: Could not locate cfg.xml resource [/bg/tu_varna/sit/example/configuration/hibernate.cfg.xml]
[JavaFX Application Thread] ERROR bg.tu_varna.sit.example.data.access.Connection  - Initial SessionFactory created failedorg.hibernate.internal.util.config.ConfigurationException: Could not locate cfg.xml resource [hibernate.cfg.xml]
[JavaFX Application Thread] ERROR bg.tu_varna.sit.example.data.access.Connection  - Initial SessionFactory created failedorg.hibernate.service.spi.ServiceException: Unable to create requested service [org.hibernate.engine.jdbc.env.spi.JdbcEnvironment]
[JavaFX Application Thread] ERROR bg.tu_varna.sit.example.data.access.Connection  - Initial SessionFactory created failedorg.hibernate.service.spi.ServiceException: Unable to create requested service [org.hibernate.engine.jdbc.env.spi.JdbcEnvironment]
[JavaFX Application Thread] ERROR bg.tu_varna.sit.example.data.access.Connection  - Initial SessionFactory created failedorg.hibernate.service.spi.ServiceException: Unable to create requested service [org.hibernate.engine.jdbc.env.spi.JdbcEnvironment]
[JavaFX Application Thread] ERROR bg.tu_varna.sit.example.data.access.Connection  - Initial SessionFactory created failedorg.hibernate.service.spi.ServiceException: Unable to create requested service [org.hibernate.engine.jdbc.env.spi.JdbcEnvironment]
[JavaFX Application Thread] ERROR bg.tu_varna.sit.example.data.access.Connection  - Initial SessionFactory created failedorg.hibernate.service.spi.ServiceException: Unable to create requested service [org.hibernate.engine.jdbc.env.spi.JdbcEnvironment]
[JavaFX Application Thread] ERROR bg.tu_varna.sit.example.data.access.Connection  - Initial SessionFactory created failedorg.hibernate.service.spi.ServiceException: Unable to create requested service [org.hibernate.engine.jdbc.env.spi.JdbcEnvironment]
[JavaFX Application Thread] ERROR bg.tu_varna.sit.example.data.access.Connection  - Initial SessionFactory created failedorg.hibernate.service.spi.ServiceException: Unable to create requested service [org.hibernate.engine.jdbc.env.spi.JdbcEnvironment]
[JavaFX Application Thread] ERROR bg.tu_varna.sit.example.data.access.Connection  - Initial SessionFactory created failedorg.hibernate.service.spi.ServiceException: Unable to create requested service [org.hibernate.engine.jdbc.env.spi.JdbcEnvironment]
[JavaFX Application Thread] ERROR bg.tu_varna.sit.example.data.access.Connection  - Initial SessionFactory created failedorg.hibernate.internal.util.config.ConfigurationException: Could not locate cfg.xml resource [/bg/tu_varna/sit/example/configuration/hibernate.cfg.xml]
[JavaFX Application Thread] ERROR bg.tu_varna.sit.example.data.access.Connection  - Initial SessionFactory created failedjava.lang.NoClassDefFoundError: java/sql/SQLException
[JavaFX Application Thread] ERROR bg.tu_varna.sit.example.data.access.Connection  - Initial SessionFactory created failedorg.hibernate.internal.util.config.ConfigurationException: Could not locate cfg.xml resource [hibernate.cfg.xml]
[JavaFX Application Thread] ERROR bg.tu_varna.sit.example.data.access.Connection  - Initial SessionFactory created failedorg.hibernate.MappingException: Could not instantiate persister org.hibernate.persister.entity.SingleTableEntityPersister
[JavaFX Application Thread] ERROR org.hibernate.engine.jdbc.spi.SqlExceptionHelper  - Invalid column name 'password'.
[JavaFX Application Thread] ERROR bg.tu_varna.sit.example.data.repositories.TaskRepository  - Get Task error: org.hibernate.exception.SQLGrammarException: could not extract ResultSet
[JavaFX Application Thread] ERROR org.hibernate.engine.jdbc.spi.SqlExceptionHelper  - Invalid column name 'password'.
[JavaFX Application Thread] ERROR bg.tu_varna.sit.example.data.repositories.TaskRepository  - Get Task error: org.hibernate.exception.SQLGrammarException: could not extract ResultSet
[JavaFX Application Thread] ERROR org.hibernate.engine.jdbc.spi.SqlExceptionHelper  - The TCP/IP connection to the host 127.0.0.1, port 1433 has failed. Error: "Connection refused: connect. Verify the connection properties. Make sure that an instance of SQL Server is running on the host and accepting TCP/IP connections at the port. Make sure that TCP connections to the port are not blocked by a firewall.".
[JavaFX Application Thread] ERROR bg.tu_varna.sit.example.data.access.Connection  - Initial SessionFactory created failedorg.hibernate.service.spi.ServiceException: Unable to create requested service [org.hibernate.engine.jdbc.env.spi.JdbcEnvironment]
[JavaFX Application Thread] ERROR org.hibernate.engine.jdbc.spi.SqlExceptionHelper  - The TCP/IP connection to the host 127.0.0.1, port 1433 has failed. Error: "connect timed out. Verify the connection properties. Make sure that an instance of SQL Server is running on the host and accepting TCP/IP connections at the port. Make sure that TCP connections to the port are not blocked by a firewall.".
[JavaFX Application Thread] ERROR bg.tu_varna.sit.example.data.access.Connection  - Initial SessionFactory created failedorg.hibernate.service.spi.ServiceException: Unable to create requested service [org.hibernate.engine.jdbc.env.spi.JdbcEnvironment]
[JavaFX Application Thread] ERROR org.hibernate.engine.jdbc.spi.SqlExceptionHelper  - The TCP/IP connection to the host 127.0.0.1, port 1433 has failed. Error: "Connection refused: connect. Verify the connection properties. Make sure that an instance of SQL Server is running on the host and accepting TCP/IP connections at the port. Make sure that TCP connections to the port are not blocked by a firewall.".
[JavaFX Application Thread] ERROR bg.tu_varna.sit.example.data.access.Connection  - Initial SessionFactory created failedorg.hibernate.service.spi.ServiceException: Unable to create requested service [org.hibernate.engine.jdbc.env.spi.JdbcEnvironment]
[JavaFX Application Thread] ERROR org.hibernate.engine.jdbc.spi.SqlExceptionHelper  - The TCP/IP connection to the host 127.0.0.1, port 1433 has failed. Error: "Connection refused: connect. Verify the connection properties. Make sure that an instance of SQL Server is running on the host and accepting TCP/IP connections at the port. Make sure that TCP connections to the port are not blocked by a firewall.".
[JavaFX Application Thread] ERROR bg.tu_varna.sit.example.data.access.Connection  - Initial SessionFactory created failedorg.hibernate.service.spi.ServiceException: Unable to create requested service [org.hibernate.engine.jdbc.env.spi.JdbcEnvironment]
